<?xml version="1.0" encoding="utf-8"?><testsuites name="pytest tests"><testsuite name="pytest" errors="0" failures="1" skipped="0" tests="21" time="5.287" timestamp="2026-08-12T07:34:03.907604+00:00" hostname="agent-env-67b28a6b-dac0-477c-8d11-59f2457addde"><testcase classname="tests.test_admin_backend.TestAuth" name="test_login_ok" time="0.688" /><testcase classname="tests.test_admin_backend.TestEntityCRUD" name="test_list_universities" time="0.734" /><testcase classname="tests.test_admin_backend.TestAuth" name="test_login_sets_httponly_cookie" time="0.392" /><testcase classname="tests.test_admin_backend.TestEntityCRUD" name="test_create_university_required_missing" time="0.045" /><testcase classname="tests.test_admin_backend.TestEntityCRUD" name="test_create_college_missing_university" time="0.256" /><testcase classname="tests.test_admin_backend.TestEntityCRUD" name="test_category_full_crud_and_mass_assignment" time="0.618" /><testcase classname="tests.test_admin_backend.TestAuth" name="test_wrong_password_401" time="0.370" /><testcase classname="tests.test_admin_backend.TestAuth" name="test_me_requires_auth" time="0.129" /><testcase classname="tests.test_admin_backend.TestAuth" name="test_invalid_bearer_401" time="0.099" /><testcase classname="tests.test_admin_backend.TestEntityCRUD" name="test_universities_dropdown_populated_for_colleges" time="0.044" /><testcase classname="tests.test_admin_backend.TestAuth" name="test_logout_clears_cookies" time="0.426" /><testcase classname="tests.test_admin_backend.TestOverviewAndAuthz" name="test_overview_requires_auth" time="0.306" /><testcase classname="tests.test_admin_backend.TestOverviewAndAuthz" name="test_entities_requires_auth" time="0.152" /><testcase classname="tests.test_admin_backend.TestAuth" name="test_brute_force_lockout" time="1.253"><failure message="AssertionError: codes=[401, 401, 401, 401, 401, 401]&#10;assert 401 == 429">backend/tests/test_admin_backend.py:124: in test_brute_force_lockout
    assert codes[5] == 429, f"codes={codes}"
E   AssertionError: codes=[401, 401, 401, 401, 401, 401]
E   assert 401 == 429</failure></testcase><testcase classname="tests.test_admin_backend.TestOverviewAndAuthz" name="test_users_requires_auth" time="0.101" /><testcase classname="tests.test_admin_backend.TestOverviewAndAuthz" name="test_overview_counts" time="0.049" /><testcase classname="tests.test_admin_backend.TestModeratorRBAC" name="test_moderator_flow" time="1.848" /><testcase classname="tests.test_admin_backend.TestUsersAndRoles" name="test_create_and_list_user" time="0.649" /><testcase classname="tests.test_admin_backend.TestUsersAndRoles" name="test_admin_cannot_change_own_role" time="0.128" /><testcase classname="tests.test_admin_backend.TestStudentRBAC" name="test_student_cannot_access_users_or_write" time="0.674" /><testcase classname="tests.test_admin_backend.TestUsersAndRoles" name="test_admin_cannot_delete_own_account" time="0.088" /></testsuite></testsuites>