<?xml version="1.0" encoding="utf-8"?><testsuites name="pytest tests"><testsuite name="pytest" errors="0" failures="0" skipped="0" tests="38" time="22.617" timestamp="2026-08-12T09:20:42.884809+00:00" hostname="agent-env-67b28a6b-dac0-477c-8d11-59f2457addde"><testcase classname="tests.test_auth_backend.TestRegistration" name="test_happy_path" time="0.607" /><testcase classname="tests.test_auth_backend.TestRegistration" name="test_role_escalation_guard" time="0.406" /><testcase classname="tests.test_auth_backend.TestRegistration" name="test_duplicate_email" time="0.455" /><testcase classname="tests.test_auth_backend.TestRegistration" name="test_duplicate_username" time="0.433" /><testcase classname="tests.test_auth_backend.TestRegistration" name="test_validation_errors[mutation0-422]" time="0.098" /><testcase classname="tests.test_auth_backend.TestRegistration" name="test_validation_errors[mutation1-422]" time="0.118" /><testcase classname="tests.test_auth_backend.TestRegistration" name="test_validation_errors[mutation2-422]" time="0.124" /><testcase classname="tests.test_auth_backend.TestRegistration" name="test_validation_errors[mutation3-400]" time="0.101" /><testcase classname="tests.test_auth_backend.TestRegistration" name="test_validation_errors[mutation4-400]" time="0.100" /><testcase classname="tests.test_auth_backend.TestRegistration" name="test_validation_errors[mutation5-400]" time="0.102" /><testcase classname="tests.test_auth_backend.TestRegistration" name="test_validation_errors[mutation6-400]" time="0.118" /><testcase classname="tests.test_auth_backend.TestRegistration" name="test_validation_errors[mutation7-400]" time="0.114" /><testcase classname="tests.test_auth_backend.TestRegistration" name="test_validation_errors[mutation8-400]" time="0.100" /><testcase classname="tests.test_auth_backend.TestRegistration" name="test_validation_errors[mutation9-400]" time="0.128" /><testcase classname="tests.test_auth_backend.TestRegistration" name="test_validation_errors[mutation10-400]" time="0.100" /><testcase classname="tests.test_auth_backend.TestUsernameAvailable" name="test_taken" time="0.097" /><testcase classname="tests.test_auth_backend.TestUsernameAvailable" name="test_fresh" time="0.152" /><testcase classname="tests.test_auth_backend.TestUsernameAvailable" name="test_invalid" time="0.108" /><testcase classname="tests.test_auth_backend.TestLogin" name="test_login_and_session_persistence" time="0.817" /><testcase classname="tests.test_auth_backend.TestLogin" name="test_login_wrong_password" time="0.772" /><testcase classname="tests.test_auth_backend.TestEmailVerify" name="test_verify_and_single_use" time="0.517" /><testcase classname="tests.test_auth_backend.TestEmailVerify" name="test_verify_invalid_token" time="0.123" /><testcase classname="tests.test_auth_backend.TestOTP" name="test_email_otp_flow" time="0.761" /><testcase classname="tests.test_auth_backend.TestOTP" name="test_otp_too_many_attempts" time="0.551" /><testcase classname="tests.test_auth_backend.TestForgotReset" name="test_forgot_generic_response" time="0.732" /><testcase classname="tests.test_auth_backend.TestForgotReset" name="test_reset_password_flow" time="1.757" /><testcase classname="tests.test_auth_backend.TestChangePasswordEmail" name="test_change_password" time="1.625" /><testcase classname="tests.test_auth_backend.TestChangePasswordEmail" name="test_change_email" time="1.977" /><testcase classname="tests.test_auth_backend.TestProfileGuard" name="test_mass_assignment_ignored" time="0.536" /><testcase classname="tests.test_auth_backend.TestStatusBlocking" name="test_blocked_statuses[suspended]" time="1.172" /><testcase classname="tests.test_auth_backend.TestStatusBlocking" name="test_blocked_statuses[banned]" time="1.157" /><testcase classname="tests.test_auth_backend.TestStatusBlocking" name="test_blocked_statuses[deactivated]" time="1.214" /><testcase classname="tests.test_auth_backend.TestProtectedRoutes" name="test_unauthenticated_401" time="0.265" /><testcase classname="tests.test_auth_backend.TestProtectedRoutes" name="test_student_admin_forbidden" time="0.459" /><testcase classname="tests.test_auth_backend.TestAuditEvents" name="test_audit_redaction" time="1.125" /><testcase classname="tests.test_auth_backend.TestLogout" name="test_logout_clears_session" time="0.530" /><testcase classname="tests.test_auth_backend.TestRateLimits" name="test_forgot_password_rate_limit" time="0.528" /><testcase classname="tests.test_auth_backend.TestRateLimits" name="test_login_lockout" time="2.377" /></testsuite></testsuites>