<?xml version="1.0" encoding="utf-8"?><testsuites name="pytest tests"><testsuite name="pytest" errors="0" failures="0" skipped="0" tests="38" time="22.957" timestamp="2026-08-12T09:59:13.208465+00:00" hostname="agent-env-67b28a6b-dac0-477c-8d11-59f2457addde"><testcase classname="tests.test_auth_backend.TestRegistration" name="test_happy_path" time="0.708" /><testcase classname="tests.test_auth_backend.TestRegistration" name="test_role_escalation_guard" time="0.500" /><testcase classname="tests.test_auth_backend.TestRegistration" name="test_duplicate_email" time="0.588" /><testcase classname="tests.test_auth_backend.TestRegistration" name="test_duplicate_username" time="0.535" /><testcase classname="tests.test_auth_backend.TestRegistration" name="test_validation_errors[mutation0-422]" time="0.098" /><testcase classname="tests.test_auth_backend.TestRegistration" name="test_validation_errors[mutation1-422]" time="0.096" /><testcase classname="tests.test_auth_backend.TestRegistration" name="test_validation_errors[mutation2-422]" time="0.096" /><testcase classname="tests.test_auth_backend.TestRegistration" name="test_validation_errors[mutation3-400]" time="0.096" /><testcase classname="tests.test_auth_backend.TestRegistration" name="test_validation_errors[mutation4-400]" time="0.114" /><testcase classname="tests.test_auth_backend.TestRegistration" name="test_validation_errors[mutation5-400]" time="0.096" /><testcase classname="tests.test_auth_backend.TestRegistration" name="test_validation_errors[mutation6-400]" time="0.106" /><testcase classname="tests.test_auth_backend.TestRegistration" name="test_validation_errors[mutation7-400]" time="0.098" /><testcase classname="tests.test_auth_backend.TestRegistration" name="test_validation_errors[mutation8-400]" time="0.103" /><testcase classname="tests.test_auth_backend.TestRegistration" name="test_validation_errors[mutation9-400]" time="0.100" /><testcase classname="tests.test_auth_backend.TestRegistration" name="test_validation_errors[mutation10-400]" time="0.096" /><testcase classname="tests.test_auth_backend.TestUsernameAvailable" name="test_taken" time="0.094" /><testcase classname="tests.test_auth_backend.TestUsernameAvailable" name="test_fresh" time="0.100" /><testcase classname="tests.test_auth_backend.TestUsernameAvailable" name="test_invalid" time="0.099" /><testcase classname="tests.test_auth_backend.TestLogin" name="test_login_and_session_persistence" time="0.856" /><testcase classname="tests.test_auth_backend.TestLogin" name="test_login_wrong_password" time="0.850" /><testcase classname="tests.test_auth_backend.TestEmailVerify" name="test_verify_and_single_use" time="0.665" /><testcase classname="tests.test_auth_backend.TestEmailVerify" name="test_verify_invalid_token" time="0.097" /><testcase classname="tests.test_auth_backend.TestOTP" name="test_email_otp_flow" time="0.874" /><testcase classname="tests.test_auth_backend.TestOTP" name="test_otp_too_many_attempts" time="0.763" /><testcase classname="tests.test_auth_backend.TestForgotReset" name="test_forgot_generic_response" time="0.726" /><testcase classname="tests.test_auth_backend.TestForgotReset" name="test_reset_password_flow" time="1.726" /><testcase classname="tests.test_auth_backend.TestChangePasswordEmail" name="test_change_password" time="1.588" /><testcase classname="tests.test_auth_backend.TestChangePasswordEmail" name="test_change_email" time="1.777" /><testcase classname="tests.test_auth_backend.TestProfileGuard" name="test_mass_assignment_ignored" time="0.516" /><testcase classname="tests.test_auth_backend.TestStatusBlocking" name="test_blocked_statuses[suspended]" time="1.123" /><testcase classname="tests.test_auth_backend.TestStatusBlocking" name="test_blocked_statuses[banned]" time="1.207" /><testcase classname="tests.test_auth_backend.TestStatusBlocking" name="test_blocked_statuses[deactivated]" time="1.204" /><testcase classname="tests.test_auth_backend.TestProtectedRoutes" name="test_unauthenticated_401" time="0.268" /><testcase classname="tests.test_auth_backend.TestProtectedRoutes" name="test_student_admin_forbidden" time="0.433" /><testcase classname="tests.test_auth_backend.TestAuditEvents" name="test_audit_redaction" time="1.115" /><testcase classname="tests.test_auth_backend.TestLogout" name="test_logout_clears_session" time="0.480" /><testcase classname="tests.test_auth_backend.TestRateLimits" name="test_forgot_password_rate_limit" time="0.571" /><testcase classname="tests.test_auth_backend.TestRateLimits" name="test_login_lockout" time="2.242" /></testsuite></testsuites>