<?xml version="1.0" encoding="utf-8"?><testsuites name="pytest tests"><testsuite name="pytest" errors="0" failures="0" skipped="0" tests="15" time="11.805" timestamp="2026-08-12T09:58:04.844113+00:00" hostname="agent-env-67b28a6b-dac0-477c-8d11-59f2457addde"><testcase classname="tests.test_bookmarks_ai_backend.TestBookmarksAuth" name="test_unauth_endpoints_401" time="0.379" /><testcase classname="tests.test_bookmarks_ai_backend.TestBookmarksHappyPath" name="test_add_list_hydrate_delete" time="0.662" /><testcase classname="tests.test_bookmarks_ai_backend.TestBookmarksIdempotency" name="test_duplicate_post_no_duplicate_row" time="0.647" /><testcase classname="tests.test_bookmarks_ai_backend.TestBookmarksValidation" name="test_non_existent_resource_404" time="0.736" /><testcase classname="tests.test_bookmarks_ai_backend.TestBookmarksValidation" name="test_malformed_resource_returns_4xx" time="0.449" /><testcase classname="tests.test_bookmarks_ai_backend.TestBookmarksIsolation" name="test_cross_user_isolation" time="0.978" /><testcase classname="tests.test_bookmarks_ai_backend.TestBookmarksIsolation" name="test_ownership_injection_ignored" time="0.951" /><testcase classname="tests.test_bookmarks_ai_backend.TestAIAuth" name="test_unauth_401" time="0.232" /><testcase classname="tests.test_bookmarks_ai_backend.TestAIValidation" name="test_ask_min_length" time="0.466" /><testcase classname="tests.test_bookmarks_ai_backend.TestAIValidation" name="test_summarise_too_short" time="0.483" /><testcase classname="tests.test_bookmarks_ai_backend.TestAIValidation" name="test_summarise_too_long" time="0.476" /><testcase classname="tests.test_bookmarks_ai_backend.TestAIValidation" name="test_practice_count_bounds" time="0.542" /><testcase classname="tests.test_bookmarks_ai_backend.TestAIRateLimit" name="test_rate_limit_returns_429" time="0.420" /><testcase classname="tests.test_bookmarks_ai_backend.TestAIOwnership" name="test_cross_user_session_404" time="1.024" /><testcase classname="tests.test_bookmarks_ai_backend.TestAIRealCall" name="test_ask_and_followup_same_session" time="3.194" /></testsuite></testsuites>