<?xml version="1.0" encoding="utf-8"?><testsuites name="pytest tests"><testsuite name="pytest" errors="0" failures="0" skipped="0" tests="17" time="4.188" timestamp="2026-08-12T09:23:27.227773+00:00" hostname="agent-env-67b28a6b-dac0-477c-8d11-59f2457addde"><testcase classname="tests.test_rbac_iter6" name="test_student_forbidden[GET-/api/admin/overview-None]" time="0.719" /><testcase classname="tests.test_rbac_iter6" name="test_student_forbidden[GET-/api/admin/entities/universities-None]" time="0.042" /><testcase classname="tests.test_rbac_iter6" name="test_student_forbidden[GET-/api/admin/entities/categories-None]" time="0.043" /><testcase classname="tests.test_rbac_iter6" name="test_student_forbidden[GET-/api/admin/users-None]" time="0.081" /><testcase classname="tests.test_rbac_iter6" name="test_student_forbidden[POST-/api/admin/entities/resources-body4]" time="0.044" /><testcase classname="tests.test_rbac_iter6" name="test_student_forbidden[DELETE-/api/admin/entities/categories/deadbeef-None]" time="0.084" /><testcase classname="tests.test_rbac_iter6" name="test_contributor_forbidden[GET-/api/admin/overview-None]" time="0.440" /><testcase classname="tests.test_rbac_iter6" name="test_contributor_forbidden[GET-/api/admin/entities/universities-None]" time="0.044" /><testcase classname="tests.test_rbac_iter6" name="test_contributor_forbidden[GET-/api/admin/entities/categories-None]" time="0.045" /><testcase classname="tests.test_rbac_iter6" name="test_contributor_forbidden[GET-/api/admin/users-None]" time="0.046" /><testcase classname="tests.test_rbac_iter6" name="test_contributor_forbidden[POST-/api/admin/entities/resources-body4]" time="0.045" /><testcase classname="tests.test_rbac_iter6" name="test_contributor_forbidden[DELETE-/api/admin/entities/categories/deadbeef-None]" time="0.046" /><testcase classname="tests.test_rbac_iter6" name="test_admin_overview_ok" time="0.371" /><testcase classname="tests.test_rbac_iter6" name="test_admin_can_list_entities_and_users" time="0.461" /><testcase classname="tests.test_rbac_iter6" name="test_moderator_overview_and_perms" time="0.657" /><testcase classname="tests.test_rbac_iter6" name="test_unauthenticated_admin_endpoints_401" time="0.095" /><testcase classname="tests.test_rbac_iter6" name="test_auth_cookies_and_me_and_logout" time="0.787" /></testsuite></testsuites>