<?xml version="1.0" encoding="utf-8"?><testsuites name="pytest tests"><testsuite name="pytest" errors="0" failures="0" skipped="0" tests="17" time="71.972" timestamp="2026-08-12T09:59:58.675706+00:00" hostname="agent-env-67b28a6b-dac0-477c-8d11-59f2457addde"><testcase classname="tests.test_rbac_iter6" name="test_student_forbidden[GET-/api/admin/overview-None]" time="68.728" /><testcase classname="tests.test_rbac_iter6" name="test_student_forbidden[GET-/api/admin/entities/universities-None]" time="0.045" /><testcase classname="tests.test_rbac_iter6" name="test_student_forbidden[GET-/api/admin/entities/categories-None]" time="0.049" /><testcase classname="tests.test_rbac_iter6" name="test_student_forbidden[GET-/api/admin/users-None]" time="0.044" /><testcase classname="tests.test_rbac_iter6" name="test_student_forbidden[POST-/api/admin/entities/resources-body4]" time="0.044" /><testcase classname="tests.test_rbac_iter6" name="test_student_forbidden[DELETE-/api/admin/entities/categories/deadbeef-None]" time="0.046" /><testcase classname="tests.test_rbac_iter6" name="test_contributor_forbidden[GET-/api/admin/overview-None]" time="0.481" /><testcase classname="tests.test_rbac_iter6" name="test_contributor_forbidden[GET-/api/admin/entities/universities-None]" time="0.044" /><testcase classname="tests.test_rbac_iter6" name="test_contributor_forbidden[GET-/api/admin/entities/categories-None]" time="0.042" /><testcase classname="tests.test_rbac_iter6" name="test_contributor_forbidden[GET-/api/admin/users-None]" time="0.052" /><testcase classname="tests.test_rbac_iter6" name="test_contributor_forbidden[POST-/api/admin/entities/resources-body4]" time="0.042" /><testcase classname="tests.test_rbac_iter6" name="test_contributor_forbidden[DELETE-/api/admin/entities/categories/deadbeef-None]" time="0.043" /><testcase classname="tests.test_rbac_iter6" name="test_admin_overview_ok" time="0.421" /><testcase classname="tests.test_rbac_iter6" name="test_admin_can_list_entities_and_users" time="0.468" /><testcase classname="tests.test_rbac_iter6" name="test_moderator_overview_and_perms" time="0.603" /><testcase classname="tests.test_rbac_iter6" name="test_unauthenticated_admin_endpoints_401" time="0.111" /><testcase classname="tests.test_rbac_iter6" name="test_auth_cookies_and_me_and_logout" time="0.587" /></testsuite></testsuites>