<?xml version="1.0" encoding="utf-8"?><testsuites name="pytest tests"><testsuite name="pytest" errors="0" failures="0" skipped="0" tests="46" time="6.489" timestamp="2026-08-12T07:38:26.007489+00:00" hostname="agent-env-67b28a6b-dac0-477c-8d11-59f2457addde"><testcase classname="tests.test_step1_backend.TestResources" name="test_resources_list" time="0.205" /><testcase classname="tests.test_step1_backend.TestCatalog" name="test_universities_list_has_id_not_underscore" time="0.211" /><testcase classname="tests.test_step1_backend.TestResources" name="test_resources_sort_options" time="0.302" /><testcase classname="tests.test_step1_backend.TestCatalog" name="test_universities_q_filter" time="0.045" /><testcase classname="tests.test_step1_backend.TestCatalog" name="test_university_detail" time="0.044" /><testcase classname="tests.test_step1_backend.TestCatalog" name="test_university_404" time="0.046" /><testcase classname="tests.test_step1_backend.TestCatalog" name="test_courses_list" time="0.043" /><testcase classname="tests.test_step1_backend.TestCatalog" name="test_courses_ug_filter" time="0.082" /><testcase classname="tests.test_step1_backend.TestCatalog" name="test_course_detail_bca" time="0.044" /><testcase classname="tests.test_step1_backend.TestResources" name="test_resources_invalid_sort" time="0.100" /><testcase classname="tests.test_step1_backend.TestCatalog" name="test_course_404" time="0.045" /><testcase classname="tests.test_step1_backend.TestCatalog" name="test_subjects_filter_by_course" time="0.165" /><testcase classname="tests.test_step1_backend.TestResources" name="test_resources_q_filter" time="0.092" /><testcase classname="tests.test_step1_backend.TestResources" name="test_resources_invalid_objectid_returns_400" time="0.057" /><testcase classname="tests.test_step1_backend.TestCatalog" name="test_categories" time="0.044" /><testcase classname="tests.test_step1_backend.TestResources" name="test_resources_filter_by_category" time="0.346" /><testcase classname="tests.test_step1_backend.TestResources" name="test_resources_pagination" time="0.093" /><testcase classname="tests.test_admin_backend.TestAuth" name="test_login_ok" time="0.378" /><testcase classname="tests.test_admin_backend.TestAuth" name="test_login_sets_httponly_cookie" time="0.321" /><testcase classname="tests.test_step1_backend.TestResources" name="test_resource_detail" time="0.406" /><testcase classname="tests.test_admin_backend.TestAuth" name="test_wrong_password_401" time="0.358" /><testcase classname="tests.test_step1_backend.TestResources" name="test_resource_404" time="0.186" /><testcase classname="tests.test_step1_backend.TestMeta" name="test_health" time="0.053" /><testcase classname="tests.test_admin_backend.TestAuth" name="test_me_requires_auth" time="0.096" /><testcase classname="tests.test_step1_backend.TestMeta" name="test_stats" time="0.060" /><testcase classname="tests.test_step1_backend.TestMeta" name="test_security_headers" time="0.097" /><testcase classname="tests.test_admin_backend.TestAuth" name="test_invalid_bearer_401" time="0.094" /><testcase classname="tests.test_step1_backend.TestMeta" name="test_search_min_length" time="0.093" /><testcase classname="tests.test_admin_backend.TestAuth" name="test_logout_clears_cookies" time="0.442" /><testcase classname="tests.test_step1_backend.TestMeta" name="test_search_ok" time="0.247" /><testcase classname="tests.test_step1_backend.TestMeta" name="test_sitemap" time="0.089" /><testcase classname="tests.test_admin_backend.TestOverviewAndAuthz" name="test_overview_requires_auth" time="0.139" /><testcase classname="tests.test_admin_backend.TestAuth" name="test_brute_force_lockout" time="0.968" /><testcase classname="tests.test_admin_backend.TestOverviewAndAuthz" name="test_entities_requires_auth" time="0.094" /><testcase classname="tests.test_admin_backend.TestOverviewAndAuthz" name="test_users_requires_auth" time="0.092" /><testcase classname="tests.test_admin_backend.TestOverviewAndAuthz" name="test_overview_counts" time="0.363" /><testcase classname="tests.test_admin_backend.TestUsersAndRoles" name="test_create_and_list_user" time="0.474" /><testcase classname="tests.test_admin_backend.TestEntityCRUD" name="test_list_universities" time="0.091" /><testcase classname="tests.test_admin_backend.TestEntityCRUD" name="test_create_university_required_missing" time="0.089" /><testcase classname="tests.test_admin_backend.TestUsersAndRoles" name="test_admin_cannot_change_own_role" time="0.164" /><testcase classname="tests.test_admin_backend.TestEntityCRUD" name="test_create_college_missing_university" time="0.047" /><testcase classname="tests.test_admin_backend.TestEntityCRUD" name="test_category_full_crud_and_mass_assignment" time="0.857" /><testcase classname="tests.test_admin_backend.TestUsersAndRoles" name="test_admin_cannot_delete_own_account" time="0.126" /><testcase classname="tests.test_admin_backend.TestModeratorRBAC" name="test_moderator_flow" time="2.256" /><testcase classname="tests.test_admin_backend.TestEntityCRUD" name="test_universities_dropdown_populated_for_colleges" time="0.268" /><testcase classname="tests.test_admin_backend.TestStudentRBAC" name="test_student_cannot_access_users_or_write" time="1.366" /></testsuite></testsuites>