<?xml version="1.0" encoding="utf-8"?><testsuites name="pytest tests"><testsuite name="pytest" errors="0" failures="0" skipped="0" tests="6" time="4.744" timestamp="2026-08-12T09:15:10.698711+00:00" hostname="agent-env-67b28a6b-dac0-477c-8d11-59f2457addde"><testcase classname="tests.test_lockout_regression.TestTokenBodyRemoved" name="test_login_response_has_no_access_token" time="0.377" /><testcase classname="tests.test_lockout_regression.TestTokenBodyRemoved" name="test_refresh_response_has_no_access_token" time="0.414" /><testcase classname="tests.test_lockout_regression.TestLockoutBehaviour" name="test_lockout_engages_at_6th_attempt" time="0.754" /><testcase classname="tests.test_lockout_regression.TestLockoutBehaviour" name="test_lockout_does_not_lock_admin" time="1.010" /><testcase classname="tests.test_lockout_regression.TestLockoutBehaviour" name="test_success_clears_failure_counter" time="1.667" /><testcase classname="tests.test_lockout_regression.TestSessionRidesOnCookies" name="test_admin_flow_via_cookies_only" time="0.401" /></testsuite></testsuites>