<?xml version="1.0" encoding="utf-8"?><testsuites name="pytest tests"><testsuite name="pytest" errors="0" failures="0" skipped="0" tests="46" time="6.554" timestamp="2026-08-12T09:21:12.023805+00:00" hostname="agent-env-67b28a6b-dac0-477c-8d11-59f2457addde"><testcase classname="tests.test_step1_backend.TestResources" name="test_resources_list" time="0.122" /><testcase classname="tests.test_step1_backend.TestCatalog" name="test_universities_list_has_id_not_underscore" time="0.151" /><testcase classname="tests.test_step1_backend.TestResources" name="test_resources_sort_options" time="0.138" /><testcase classname="tests.test_step1_backend.TestCatalog" name="test_universities_q_filter" time="0.078" /><testcase classname="tests.test_step1_backend.TestCatalog" name="test_university_detail" time="0.075" /><testcase classname="tests.test_step1_backend.TestResources" name="test_resources_invalid_sort" time="0.081" /><testcase classname="tests.test_step1_backend.TestCatalog" name="test_university_404" time="0.078" /><testcase classname="tests.test_step1_backend.TestResources" name="test_resources_q_filter" time="0.085" /><testcase classname="tests.test_step1_backend.TestCatalog" name="test_courses_list" time="0.106" /><testcase classname="tests.test_step1_backend.TestResources" name="test_resources_invalid_objectid_returns_400" time="0.041" /><testcase classname="tests.test_step1_backend.TestResources" name="test_resources_filter_by_category" time="0.087" /><testcase classname="tests.test_step1_backend.TestCatalog" name="test_courses_ug_filter" time="0.114" /><testcase classname="tests.test_step1_backend.TestResources" name="test_resources_pagination" time="0.045" /><testcase classname="tests.test_step1_backend.TestResources" name="test_resource_detail" time="0.132" /><testcase classname="tests.test_step1_backend.TestCatalog" name="test_course_detail_bca" time="0.078" /><testcase classname="tests.test_step1_backend.TestCatalog" name="test_course_404" time="0.070" /><testcase classname="tests.test_step1_backend.TestResources" name="test_resource_404" time="0.042" /><testcase classname="tests.test_step1_backend.TestCatalog" name="test_subjects_filter_by_course" time="0.142" /><testcase classname="tests.test_step1_backend.TestCatalog" name="test_categories" time="0.246" /><testcase classname="tests.test_step1_backend.TestMeta" name="test_health" time="0.077" /><testcase classname="tests.test_admin_backend.TestAuth" name="test_login_ok" time="0.420" /><testcase classname="tests.test_admin_backend.TestAuth" name="test_login_sets_httponly_cookie" time="0.361" /><testcase classname="tests.test_step1_backend.TestMeta" name="test_stats" time="0.074" /><testcase classname="tests.test_step1_backend.TestMeta" name="test_security_headers" time="0.248" /><testcase classname="tests.test_step1_backend.TestMeta" name="test_search_min_length" time="0.062" /><testcase classname="tests.test_admin_backend.TestAuth" name="test_wrong_password_401" time="0.320" /><testcase classname="tests.test_step1_backend.TestMeta" name="test_search_ok" time="0.076" /><testcase classname="tests.test_step1_backend.TestMeta" name="test_sitemap" time="0.224" /><testcase classname="tests.test_admin_backend.TestAuth" name="test_me_requires_auth" time="0.104" /><testcase classname="tests.test_admin_backend.TestAuth" name="test_invalid_bearer_401" time="0.249" /><testcase classname="tests.test_admin_backend.TestAuth" name="test_logout_clears_cookies" time="0.444" /><testcase classname="tests.test_admin_backend.TestEntityCRUD" name="test_list_universities" time="0.461" /><testcase classname="tests.test_admin_backend.TestEntityCRUD" name="test_create_university_required_missing" time="0.183" /><testcase classname="tests.test_admin_backend.TestEntityCRUD" name="test_create_college_missing_university" time="0.043" /><testcase classname="tests.test_admin_backend.TestEntityCRUD" name="test_category_full_crud_and_mass_assignment" time="0.590" /><testcase classname="tests.test_admin_backend.TestAuth" name="test_brute_force_lockout" time="0.717" /><testcase classname="tests.test_admin_backend.TestEntityCRUD" name="test_universities_dropdown_populated_for_colleges" time="0.089" /><testcase classname="tests.test_admin_backend.TestUsersAndRoles" name="test_create_and_list_user" time="0.597" /><testcase classname="tests.test_admin_backend.TestOverviewAndAuthz" name="test_overview_requires_auth" time="0.213" /><testcase classname="tests.test_admin_backend.TestOverviewAndAuthz" name="test_entities_requires_auth" time="0.138" /><testcase classname="tests.test_admin_backend.TestOverviewAndAuthz" name="test_users_requires_auth" time="0.097" /><testcase classname="tests.test_admin_backend.TestOverviewAndAuthz" name="test_overview_counts" time="0.086" /><testcase classname="tests.test_admin_backend.TestUsersAndRoles" name="test_admin_cannot_change_own_role" time="0.325" /><testcase classname="tests.test_admin_backend.TestUsersAndRoles" name="test_admin_cannot_delete_own_account" time="0.304" /><testcase classname="tests.test_admin_backend.TestModeratorRBAC" name="test_moderator_flow" time="1.693" /><testcase classname="tests.test_admin_backend.TestStudentRBAC" name="test_student_cannot_access_users_or_write" time="0.605" /></testsuite></testsuites>