<?xml version="1.0" encoding="utf-8"?><testsuites name="pytest tests"><testsuite name="pytest" errors="0" failures="0" skipped="0" tests="25" time="1.941" timestamp="2026-08-12T03:12:31.228192+00:00" hostname="agent-env-67b28a6b-dac0-477c-8d11-59f2457addde"><testcase classname="tests.test_step1_backend.TestResources" name="test_resources_list" time="0.208" /><testcase classname="tests.test_step1_backend.TestCatalog" name="test_universities_list_has_id_not_underscore" time="0.127" /><testcase classname="tests.test_step1_backend.TestCatalog" name="test_universities_q_filter" time="0.092" /><testcase classname="tests.test_step1_backend.TestResources" name="test_resources_sort_options" time="0.318" /><testcase classname="tests.test_step1_backend.TestCatalog" name="test_university_detail" time="0.050" /><testcase classname="tests.test_step1_backend.TestCatalog" name="test_university_404" time="0.046" /><testcase classname="tests.test_step1_backend.TestCatalog" name="test_courses_list" time="0.049" /><testcase classname="tests.test_step1_backend.TestCatalog" name="test_courses_ug_filter" time="0.085" /><testcase classname="tests.test_step1_backend.TestCatalog" name="test_course_detail_bca" time="0.043" /><testcase classname="tests.test_step1_backend.TestCatalog" name="test_course_404" time="0.084" /><testcase classname="tests.test_step1_backend.TestResources" name="test_resources_invalid_sort" time="0.141" /><testcase classname="tests.test_step1_backend.TestCatalog" name="test_subjects_filter_by_course" time="0.142" /><testcase classname="tests.test_step1_backend.TestResources" name="test_resources_q_filter" time="0.097" /><testcase classname="tests.test_step1_backend.TestCatalog" name="test_categories" time="0.051" /><testcase classname="tests.test_step1_backend.TestResources" name="test_resources_invalid_objectid_returns_400" time="0.099" /><testcase classname="tests.test_step1_backend.TestMeta" name="test_health" time="0.043" /><testcase classname="tests.test_step1_backend.TestMeta" name="test_stats" time="0.044" /><testcase classname="tests.test_step1_backend.TestMeta" name="test_security_headers" time="0.044" /><testcase classname="tests.test_step1_backend.TestResources" name="test_resources_filter_by_category" time="0.209" /><testcase classname="tests.test_step1_backend.TestMeta" name="test_search_min_length" time="0.046" /><testcase classname="tests.test_step1_backend.TestMeta" name="test_search_ok" time="0.048" /><testcase classname="tests.test_step1_backend.TestMeta" name="test_sitemap" time="0.053" /><testcase classname="tests.test_step1_backend.TestResources" name="test_resources_pagination" time="0.094" /><testcase classname="tests.test_step1_backend.TestResources" name="test_resource_detail" time="0.196" /><testcase classname="tests.test_step1_backend.TestResources" name="test_resource_404" time="0.053" /></testsuite></testsuites>