<?xml version="1.0" encoding="utf-8"?><testsuites name="pytest tests"><testsuite name="pytest" errors="0" failures="0" skipped="0" tests="46" time="7.802" timestamp="2026-08-12T09:59:41.327759+00:00" hostname="agent-env-67b28a6b-dac0-477c-8d11-59f2457addde"><testcase classname="tests.test_step1_backend.TestMeta" name="test_health" time="0.129" /><testcase classname="tests.test_step1_backend.TestMeta" name="test_stats" time="0.065" /><testcase classname="tests.test_step1_backend.TestMeta" name="test_security_headers" time="0.043" /><testcase classname="tests.test_step1_backend.TestMeta" name="test_search_min_length" time="0.045" /><testcase classname="tests.test_step1_backend.TestMeta" name="test_search_ok" time="0.046" /><testcase classname="tests.test_step1_backend.TestMeta" name="test_sitemap" time="0.062" /><testcase classname="tests.test_step1_backend.TestCatalog" name="test_universities_list_has_id_not_underscore" time="0.044" /><testcase classname="tests.test_step1_backend.TestCatalog" name="test_universities_q_filter" time="0.048" /><testcase classname="tests.test_step1_backend.TestCatalog" name="test_university_detail" time="0.048" /><testcase classname="tests.test_step1_backend.TestCatalog" name="test_university_404" time="0.045" /><testcase classname="tests.test_step1_backend.TestCatalog" name="test_courses_list" time="0.046" /><testcase classname="tests.test_step1_backend.TestCatalog" name="test_courses_ug_filter" time="0.049" /><testcase classname="tests.test_step1_backend.TestCatalog" name="test_course_detail_bca" time="0.046" /><testcase classname="tests.test_step1_backend.TestCatalog" name="test_course_404" time="0.046" /><testcase classname="tests.test_step1_backend.TestCatalog" name="test_subjects_filter_by_course" time="0.097" /><testcase classname="tests.test_step1_backend.TestCatalog" name="test_categories" time="0.047" /><testcase classname="tests.test_step1_backend.TestResources" name="test_resources_list" time="0.046" /><testcase classname="tests.test_step1_backend.TestResources" name="test_resources_sort_options" time="0.143" /><testcase classname="tests.test_step1_backend.TestResources" name="test_resources_invalid_sort" time="0.048" /><testcase classname="tests.test_step1_backend.TestResources" name="test_resources_q_filter" time="0.079" /><testcase classname="tests.test_step1_backend.TestResources" name="test_resources_invalid_objectid_returns_400" time="0.044" /><testcase classname="tests.test_step1_backend.TestResources" name="test_resources_filter_by_category" time="0.096" /><testcase classname="tests.test_step1_backend.TestResources" name="test_resources_pagination" time="0.060" /><testcase classname="tests.test_step1_backend.TestResources" name="test_resource_detail" time="0.094" /><testcase classname="tests.test_step1_backend.TestResources" name="test_resource_404" time="0.055" /><testcase classname="tests.test_admin_backend.TestAuth" name="test_login_ok" time="0.402" /><testcase classname="tests.test_admin_backend.TestAuth" name="test_login_sets_httponly_cookie" time="0.320" /><testcase classname="tests.test_admin_backend.TestAuth" name="test_wrong_password_401" time="0.350" /><testcase classname="tests.test_admin_backend.TestAuth" name="test_me_requires_auth" time="0.097" /><testcase classname="tests.test_admin_backend.TestAuth" name="test_invalid_bearer_401" time="0.088" /><testcase classname="tests.test_admin_backend.TestAuth" name="test_logout_clears_cookies" time="0.415" /><testcase classname="tests.test_admin_backend.TestAuth" name="test_brute_force_lockout" time="0.639" /><testcase classname="tests.test_admin_backend.TestOverviewAndAuthz" name="test_overview_requires_auth" time="0.103" /><testcase classname="tests.test_admin_backend.TestOverviewAndAuthz" name="test_entities_requires_auth" time="0.094" /><testcase classname="tests.test_admin_backend.TestOverviewAndAuthz" name="test_users_requires_auth" time="0.098" /><testcase classname="tests.test_admin_backend.TestOverviewAndAuthz" name="test_overview_counts" time="0.045" /><testcase classname="tests.test_admin_backend.TestEntityCRUD" name="test_list_universities" time="0.043" /><testcase classname="tests.test_admin_backend.TestEntityCRUD" name="test_create_university_required_missing" time="0.044" /><testcase classname="tests.test_admin_backend.TestEntityCRUD" name="test_create_college_missing_university" time="0.082" /><testcase classname="tests.test_admin_backend.TestEntityCRUD" name="test_category_full_crud_and_mass_assignment" time="0.514" /><testcase classname="tests.test_admin_backend.TestEntityCRUD" name="test_universities_dropdown_populated_for_colleges" time="0.041" /><testcase classname="tests.test_admin_backend.TestUsersAndRoles" name="test_create_and_list_user" time="0.556" /><testcase classname="tests.test_admin_backend.TestUsersAndRoles" name="test_admin_cannot_change_own_role" time="0.082" /><testcase classname="tests.test_admin_backend.TestUsersAndRoles" name="test_admin_cannot_delete_own_account" time="0.082" /><testcase classname="tests.test_admin_backend.TestModeratorRBAC" name="test_moderator_flow" time="1.521" /><testcase classname="tests.test_admin_backend.TestStudentRBAC" name="test_student_cannot_access_users_or_write" time="0.546" /></testsuite></testsuites>